<?xml version="1.0" encoding="UTF-8"?>
<testng-results skipped="0" failed="0" total="2" passed="2">
  <reporter-output>
  </reporter-output>
  <suite name="Default suite" duration-ms="33150" started-at="2016-08-31T07:48:12Z" finished-at="2016-08-31T07:48:45Z">
    <groups>
    </groups>
    <test name="Default test" duration-ms="33150" started-at="2016-08-31T07:48:12Z" finished-at="2016-08-31T07:48:45Z">
      <class name="net.testfire.tests.BankingTests">
        <test-method status="PASS" signature="initializeDriver()[pri:0, instance:net.testfire.tests.BankingTests@e9a829]" name="initializeDriver" is-config="true" duration-ms="8654" started-at="2016-08-31T13:18:12Z" finished-at="2016-08-31T13:18:21Z">
          <reporter-output>
          </reporter-output>
        </test-method> <!-- initializeDriver -->
        <test-method status="PASS" signature="invalidUserLoginTest()[pri:1, instance:net.testfire.tests.BankingTests@e9a829]" name="invalidUserLoginTest" duration-ms="5835" started-at="2016-08-31T13:18:21Z" finished-at="2016-08-31T13:18:27Z">
          <reporter-output>
          </reporter-output>
        </test-method> <!-- invalidUserLoginTest -->
        <test-method status="PASS" signature="tearDown()[pri:0, instance:net.testfire.tests.BankingTests@e9a829]" name="tearDown" is-config="true" duration-ms="1565" started-at="2016-08-31T13:18:27Z" finished-at="2016-08-31T13:18:28Z">
          <reporter-output>
          </reporter-output>
        </test-method> <!-- tearDown -->
        <test-method status="PASS" signature="initializeDriver()[pri:0, instance:net.testfire.tests.BankingTests@e9a829]" name="initializeDriver" is-config="true" duration-ms="7861" started-at="2016-08-31T13:18:28Z" finished-at="2016-08-31T13:18:36Z">
          <reporter-output>
          </reporter-output>
        </test-method> <!-- initializeDriver -->
        <test-method status="PASS" signature="invalidPasswordLoginTest()[pri:2, instance:net.testfire.tests.BankingTests@e9a829]" name="invalidPasswordLoginTest" duration-ms="7750" started-at="2016-08-31T13:18:36Z" finished-at="2016-08-31T13:18:44Z">
          <reporter-output>
          </reporter-output>
        </test-method> <!-- invalidPasswordLoginTest -->
        <test-method status="PASS" signature="tearDown()[pri:0, instance:net.testfire.tests.BankingTests@e9a829]" name="tearDown" is-config="true" duration-ms="1423" started-at="2016-08-31T13:18:44Z" finished-at="2016-08-31T13:18:45Z">
          <reporter-output>
          </reporter-output>
        </test-method> <!-- tearDown -->
      </class> <!-- net.testfire.tests.BankingTests -->
    </test> <!-- Default test -->
  </suite> <!-- Default suite -->
</testng-results>
